----------------------------------------------------------------
Fri Jun 05 09:47:25 IST 2020:
Booting Derby version The Apache Software Foundation - Apache Derby - 10.8.2.2 - (1181258): instance a816c00e-0172-82b2-a43b-0000096e7708 
on database directory C:\Users\Sowjanya\Desktop\jenkins_test4\tessy\persist\ite\edb  with class loader org.eclipse.osgi.internal.baseadaptor.DefaultClassLoader@5d669903 
Loaded from file:/C:/Program Files/Razorcat/TESSY_4.2/bin/plugins/org.apache.derby_10.8.2.2_v201605172130.jar
java.vendor=Oracle Corporation
java.runtime.version=1.8.0_171-b11
user.dir=C:\PROGRA~1\Razorcat\TESSY_4.2\bin
derby.system.home=null
derby.stream.error.file=C:\Users\Sowjanya\Desktop\jenkins_test4\tessy\log\derby.log
Database Class Loader started - derby.database.classpath=''
----------------------------------------------------------------
Fri Jun 05 09:47:28 IST 2020:
Booting Derby version The Apache Software Foundation - Apache Derby - 10.8.2.2 - (1181258): instance 2c44c05e-0172-82b2-a43b-0000096e7708 
on database directory C:\Users\Sowjanya\Desktop\jenkins_test4\tessy\persist\tessy\tessydb  with class loader org.eclipse.osgi.internal.baseadaptor.DefaultClassLoader@5d669903 
Loaded from file:/C:/Program Files/Razorcat/TESSY_4.2/bin/plugins/org.apache.derby_10.8.2.2_v201605172130.jar
java.vendor=Oracle Corporation
java.runtime.version=1.8.0_171-b11
user.dir=C:\PROGRA~1\Razorcat\TESSY_4.2\bin
derby.system.home=null
derby.stream.error.file=C:\Users\Sowjanya\Desktop\jenkins_test4\tessy\log\derby.log
Database Class Loader started - derby.database.classpath=''
----------------------------------------------------------------
Fri Jun 05 09:47:30 IST 2020:
Booting Derby version The Apache Software Foundation - Apache Derby - 10.8.2.2 - (1181258): instance 629f40ea-0172-82b2-a43b-0000096e7708 
on database directory C:\Users\Sowjanya\Desktop\jenkins_test4\tessy\persist\ite\itedb  with class loader org.eclipse.osgi.internal.baseadaptor.DefaultClassLoader@5d669903 
Loaded from file:/C:/Program Files/Razorcat/TESSY_4.2/bin/plugins/org.apache.derby_10.8.2.2_v201605172130.jar
java.vendor=Oracle Corporation
java.runtime.version=1.8.0_171-b11
user.dir=C:\PROGRA~1\Razorcat\TESSY_4.2\bin
derby.system.home=null
derby.stream.error.file=C:\Users\Sowjanya\Desktop\jenkins_test4\tessy\persist\ite\derby.log
Database Class Loader started - derby.database.classpath=''
----------------------------------------------------------------
Fri Jun 05 09:47:43 IST 2020:
Booting Derby version The Apache Software Foundation - Apache Derby - 10.8.2.2 - (1181258): instance ae3341ca-0172-82b2-a43b-0000096e7708 
on database directory C:\Users\Sowjanya\Desktop\jenkins_test4\tessy\persist\ite\cache  with class loader org.eclipse.osgi.internal.baseadaptor.DefaultClassLoader@5d669903 
Loaded from file:/C:/Program Files/Razorcat/TESSY_4.2/bin/plugins/org.apache.derby_10.8.2.2_v201605172130.jar
java.vendor=Oracle Corporation
java.runtime.version=1.8.0_171-b11
user.dir=C:\PROGRA~1\Razorcat\TESSY_4.2\bin
derby.system.home=null
derby.stream.error.file=C:\Users\Sowjanya\Desktop\jenkins_test4\tessy\persist\ite\derby.log
Database Class Loader started - derby.database.classpath=''
----------------------------------------------------------------
Fri Jun 05 09:51:16 IST 2020:
Shutting down instance 2c44c05e-0172-82b2-a43b-0000096e7708 on database directory C:\Users\Sowjanya\Desktop\jenkins_test4\tessy\persist\tessy\tessydb with class loader org.eclipse.osgi.internal.baseadaptor.DefaultClassLoader@5d669903 
