----------------------------------------------------------------
Wed Jul 22 15:16:47 IST 2020:
Booting Derby version The Apache Software Foundation - Apache Derby - 10.8.2.2 - (1181258): instance a816c00e-0173-75eb-156d-00000d3e3340 
on database directory C:\Users\Sowjanya\Desktop\jenkins_test4\tessy\persist\ite\itedb  with class loader org.eclipse.osgi.internal.baseadaptor.DefaultClassLoader@6d3a1f05 
Loaded from file:/C:/Program Files/Razorcat/TESSY_4.2/bin/plugins/org.apache.derby_10.8.2.2_v201605172130.jar
java.vendor=Oracle Corporation
java.runtime.version=1.8.0_171-b11
user.dir=C:\Users\Sowjanya\Desktop\jenkins_test4\tessy
derby.system.home=null
derby.stream.error.file=C:\Users\Sowjanya\Desktop\jenkins_test4\tessy\persist\ite\derby.log
Database Class Loader started - derby.database.classpath=''
----------------------------------------------------------------
Wed Jul 22 15:16:49 IST 2020:
Booting Derby version The Apache Software Foundation - Apache Derby - 10.8.2.2 - (1181258): instance 601a400f-0173-75eb-156d-00000d3e3340 
on database directory C:\Users\Sowjanya\Desktop\jenkins_test4\tessy\persist\ite\edb  with class loader org.eclipse.osgi.internal.baseadaptor.DefaultClassLoader@6d3a1f05 
Loaded from file:/C:/Program Files/Razorcat/TESSY_4.2/bin/plugins/org.apache.derby_10.8.2.2_v201605172130.jar
java.vendor=Oracle Corporation
java.runtime.version=1.8.0_171-b11
user.dir=C:\Users\Sowjanya\Desktop\jenkins_test4\tessy
derby.system.home=null
derby.stream.error.file=C:\Users\Sowjanya\Desktop\jenkins_test4\tessy\log\derby.log
Database Class Loader started - derby.database.classpath=''
----------------------------------------------------------------
Wed Jul 22 15:16:54 IST 2020:
Booting Derby version The Apache Software Foundation - Apache Derby - 10.8.2.2 - (1181258): instance 437c8055-0173-75eb-156d-00000d3e3340 
on database directory C:\Users\Sowjanya\Desktop\jenkins_test4\tessy\persist\tessy\tessydb  with class loader org.eclipse.osgi.internal.baseadaptor.DefaultClassLoader@6d3a1f05 
Loaded from file:/C:/Program Files/Razorcat/TESSY_4.2/bin/plugins/org.apache.derby_10.8.2.2_v201605172130.jar
java.vendor=Oracle Corporation
java.runtime.version=1.8.0_171-b11
user.dir=C:\Users\Sowjanya\Desktop\jenkins_test4\tessy
derby.system.home=null
derby.stream.error.file=C:\Users\Sowjanya\Desktop\jenkins_test4\tessy\persist\tessy\derby.log
Database Class Loader started - derby.database.classpath=''
----------------------------------------------------------------
Wed Jul 22 15:16:54 IST 2020:
Booting Derby version The Apache Software Foundation - Apache Derby - 10.8.2.2 - (1181258): instance 6b91c056-0173-75eb-156d-00000d3e3340 
on database directory C:\Users\Sowjanya\Desktop\jenkins_test4\tessy\persist\ite\cache  with class loader org.eclipse.osgi.internal.baseadaptor.DefaultClassLoader@6d3a1f05 
Loaded from file:/C:/Program Files/Razorcat/TESSY_4.2/bin/plugins/org.apache.derby_10.8.2.2_v201605172130.jar
java.vendor=Oracle Corporation
java.runtime.version=1.8.0_171-b11
user.dir=C:\Users\Sowjanya\Desktop\jenkins_test4\tessy
derby.system.home=null
derby.stream.error.file=C:\Users\Sowjanya\Desktop\jenkins_test4\tessy\persist\ite\derby.log
Database Class Loader started - derby.database.classpath=''
----------------------------------------------------------------
Wed Jul 22 15:24:34 IST 2020:
Shutting down instance 437c8055-0173-75eb-156d-00000d3e3340 on database directory C:\Users\Sowjanya\Desktop\jenkins_test4\tessy\persist\tessy\tessydb with class loader org.eclipse.osgi.internal.baseadaptor.DefaultClassLoader@6d3a1f05 
